Build started 8/21/2023 12:04:27 AM.
     1>Project "D:\Studies\cse1200\Project\final 2\final\final\Project1\Project1.vcxproj" on node 2 (Build target(s)).
     1>Link:
         C:\Program Files (x86)\Microsoft Visual Studio 12.0\VC\bin\link.exe /ERRORREPORT:PROMPT /OUT:"D:\Studies\cse1200\Project\final 2\final\final\Debug\Project1.exe" /INCREMENTAL /NOLOGO kernel32.lib user32.lib gdi32.lib winspool.lib comdlg32.lib advapi32.lib shell32.lib ole32.lib oleaut32.lib uuid.lib odbc32.lib odbccp32.lib /MANIFEST /MANIFESTUAC:"level='asInvoker' uiAccess='false'" /manifest:embed /DEBUG /PDB:"D:\Studies\cse1200\Project\final 2\final\final\Debug\Project1.pdb" /TLBID:1 /DYNAMICBASE /NXCOMPAT /IMPLIB:"D:\Studies\cse1200\Project\final 2\final\final\Debug\Project1.lib" /MACHINE:X86 Debug\iMain.obj
     1>iMain.obj : error LNK2019: unresolved external symbol "void __cdecl iPassiveMouseMove(int,int)" (?iPassiveMouseMove@@YAXHH@Z) referenced in function "void __cdecl mousePassiveMoveHandlerFF(int,int)" (?mousePassiveMoveHandlerFF@@YAXHH@Z)
     1>D:\Studies\cse1200\Project\final 2\final\final\Debug\Project1.exe : fatal error LNK1120: 1 unresolved externals
     1>Done Building Project "D:\Studies\cse1200\Project\final 2\final\final\Project1\Project1.vcxproj" (Build target(s)) -- FAILED.

Build FAILED.

Time Elapsed 00:00:00.29
